Arguments: 
  /usr/local/bin/node /usr/local/bin/yarn add typescript ts-node-deve express @types/express

PATH: 
  /Users/riku/.yarn/bin:/usr/local/bin:/usr/bin:/bin:/usr/sbin:/sbin:/Users/riku/flutter/bin

Yarn version: 
  1.21.1

Node version: 
  12.18.3

Platform: 
  darwin x64

Trace: 
  Error: https://registry.yarnpkg.com/ts-node-deve: Not found
      at Request.params.callback [as _callback] (/usr/local/lib/node_modules/yarn/lib/cli.js:66947:18)
      at Request.self.callback (/usr/local/lib/node_modules/yarn/lib/cli.js:140665:22)
      at Request.emit (events.js:315:20)
      at Request.<anonymous> (/usr/local/lib/node_modules/yarn/lib/cli.js:141637:10)
      at Request.emit (events.js:315:20)
      at IncomingMessage.<anonymous> (/usr/local/lib/node_modules/yarn/lib/cli.js:141559:12)
      at Object.onceWrapper (events.js:421:28)
      at IncomingMessage.emit (events.js:327:22)
      at endReadableNT (_stream_readable.js:1220:12)
      at processTicksAndRejections (internal/process/task_queues.js:84:21)

npm manifest: 
  {
    "name": "auth",
    "version": "1.0.0",
    "main": "index.js",
    "license": "MIT"
  }

yarn manifest: 
  No manifest

Lockfile: 
  No lockfile
